<?xml version="1.0" encoding="UTF-8"?>
<testng-results skipped="0" failed="0" ignored="0" total="1" passed="1">
  <reporter-output>
  </reporter-output>
  <suite name="Default suite" duration-ms="28305" started-at="2022-02-20T12:55:13 IST" finished-at="2022-02-20T12:55:41 IST">
    <groups>
    </groups>
    <test name="Default test" duration-ms="28305" started-at="2022-02-20T12:55:13 IST" finished-at="2022-02-20T12:55:41 IST">
      <class name="com.com.user.ChequeBookRequest">
        <test-method status="PASS" signature="chequeBookRequest()[pri:0, instance:com.com.user.ChequeBookRequest@54f54]" name="chequeBookRequest" duration-ms="28247" started-at="2022-02-20T12:55:13 IST" finished-at="2022-02-20T12:55:41 IST">
          <reporter-output>
          </reporter-output>
        </test-method> <!-- chequeBookRequest -->
      </class> <!-- com.com.user.ChequeBookRequest -->
    </test> <!-- Default test -->
  </suite> <!-- Default suite -->
</testng-results>
